<?xml version="1.0" encoding="UTF-8"?>
<robot generator="Robot 6.0.2 (Python 3.11.3 on win32)" generated="20230509 19:04:27.665" rpa="false" schemaversion="3">
<suite id="s1" name="Google" source="C:\Users\ADMIN\PycharmProjects\Myfrist\New_video\google.robot">
<test id="s1-t1" name="Google" line="9">
<kw name="Open Browser" library="SeleniumLibrary">
<arg>${url}</arg>
<arg>${browser}</arg>
<doc>Opens a new browser instance to the optional ``url``.</doc>
<msg timestamp="20230509 19:04:28.464" level="INFO">Opening browser 'chrome' to base url 'https://www.google.com/'.</msg>
<status status="PASS" starttime="20230509 19:04:28.464" endtime="20230509 19:04:35.017"/>
</kw>
<kw name="Sleep" library="BuiltIn">
<arg>5</arg>
<doc>Pauses the test executed for the given time.</doc>
<msg timestamp="20230509 19:04:40.020" level="INFO">Slept 5 seconds</msg>
<status status="PASS" starttime="20230509 19:04:35.019" endtime="20230509 19:04:40.020"/>
</kw>
<kw name="Maximize Browser Window" library="SeleniumLibrary">
<doc>Maximizes current browser window.</doc>
<status status="PASS" starttime="20230509 19:04:40.020" endtime="20230509 19:04:40.177"/>
</kw>
<kw name="Sleep" library="BuiltIn">
<arg>10</arg>
<doc>Pauses the test executed for the given time.</doc>
<msg timestamp="20230509 19:04:50.177" level="INFO">Slept 10 seconds</msg>
<status status="PASS" starttime="20230509 19:04:40.177" endtime="20230509 19:04:50.177"/>
</kw>
<kw name="Close Browser" library="SeleniumLibrary">
<doc>Closes the current browser.</doc>
<status status="PASS" starttime="20230509 19:04:50.178" endtime="20230509 19:04:52.736"/>
</kw>
<status status="PASS" starttime="20230509 19:04:28.464" endtime="20230509 19:04:52.736"/>
</test>
<status status="PASS" starttime="20230509 19:04:27.665" endtime="20230509 19:04:52.736"/>
</suite>
<statistics>
<total>
<stat pass="1" fail="0" skip="0">All Tests</stat>
</total>
<tag>
</tag>
<suite>
<stat pass="1" fail="0" skip="0" id="s1" name="Google">Google</stat>
</suite>
</statistics>
<errors>
</errors>
</robot>
